<?xml version="1.0" encoding="UTF-8"?>
<!-- Generated by org.testng.reporters.JUnitXMLReporter -->
<testsuite ignored="0" hostname="DESKTOP-H3PC1CM" failures="0" tests="2" name="BankingApp Test" time="38.971" errors="0" timestamp="2021-11-25T19:12:02 IST">
  <testcase classname="com.inetBanking.testCases.TC_loginTest_001" name="loginTest" time="1.966"/>
  <testcase classname="com.inetBanking.testCases.TC_AddCustomerTest_003" name="addNewCustomer" time="18.653"/>
</testsuite> <!-- BankingApp Test -->
