<?xml version="1.0" encoding="UTF-8"?>
<testng-results ignored="0" total="2" passed="2" failed="0" skipped="0">
  <reporter-output>
  </reporter-output>
  <suite started-at="2021-11-25T19:11:23 IST" name="InetBankingV1" finished-at="2021-11-25T19:12:02 IST" duration-ms="38971">
    <groups>
    </groups>
    <test started-at="2021-11-25T19:11:23 IST" name="BankingApp Test" finished-at="2021-11-25T19:12:02 IST" duration-ms="38971">
      <class name="com.inetBanking.testCases.TC_AddCustomerTest_003">
        <test-method is-config="true" signature="setup(java.lang.String)[pri:0, instance:com.inetBanking.testCases.TC_AddCustomerTest_003@2fd1433e]" started-at="2021-11-25T19:11:36 IST" name="setup" finished-at="2021-11-25T19:11:43 IST" duration-ms="6931" status="PASS">
          <params>
            <param index="0">
              <value>
                <![CDATA[chrome]]>
              </value>
            </param>
          </params>
          <reporter-output>
          </reporter-output>
        </test-method> <!-- setup -->
        <test-method signature="addNewCustomer()[pri:0, instance:com.inetBanking.testCases.TC_AddCustomerTest_003@2fd1433e]" started-at="2021-11-25T19:11:43 IST" name="addNewCustomer" finished-at="2021-11-25T19:12:01 IST" duration-ms="18653" status="PASS">
          <reporter-output>
          </reporter-output>
        </test-method> <!-- addNewCustomer -->
        <test-method is-config="true" signature="tearDown()[pri:0, instance:com.inetBanking.testCases.TC_AddCustomerTest_003@2fd1433e]" started-at="2021-11-25T19:12:01 IST" name="tearDown" finished-at="2021-11-25T19:12:02 IST" duration-ms="729" status="PASS">
          <reporter-output>
          </reporter-output>
        </test-method> <!-- tearDown -->
      </class> <!-- com.inetBanking.testCases.TC_AddCustomerTest_003 -->
      <class name="com.inetBanking.testCases.TC_loginTest_001">
        <test-method is-config="true" signature="setup(java.lang.String)[pri:0, instance:com.inetBanking.testCases.TC_loginTest_001@223aa2f7]" started-at="2021-11-25T19:11:24 IST" name="setup" finished-at="2021-11-25T19:11:33 IST" duration-ms="9102" status="PASS">
          <params>
            <param index="0">
              <value>
                <![CDATA[chrome]]>
              </value>
            </param>
          </params>
          <reporter-output>
          </reporter-output>
        </test-method> <!-- setup -->
        <test-method signature="loginTest()[pri:0, instance:com.inetBanking.testCases.TC_loginTest_001@223aa2f7]" started-at="2021-11-25T19:11:33 IST" name="loginTest" finished-at="2021-11-25T19:11:35 IST" duration-ms="1966" status="PASS">
          <reporter-output>
          </reporter-output>
        </test-method> <!-- loginTest -->
        <test-method is-config="true" signature="tearDown()[pri:0, instance:com.inetBanking.testCases.TC_loginTest_001@223aa2f7]" started-at="2021-11-25T19:11:35 IST" name="tearDown" finished-at="2021-11-25T19:11:36 IST" duration-ms="712" status="PASS">
          <reporter-output>
          </reporter-output>
        </test-method> <!-- tearDown -->
      </class> <!-- com.inetBanking.testCases.TC_loginTest_001 -->
    </test> <!-- BankingApp Test -->
  </suite> <!-- InetBankingV1 -->
</testng-results>
